<?xml version="1.0" encoding="UTF-8"?>
<!-- Generated by org.testng.reporters.JUnitXMLReporter -->
<testsuite ignored="0" hostname="LAPTOP-LUIHHGQB" failures="1" tests="1" name="FiltrationTest" time="7.639" errors="0" timestamp="2022-02-14T10:29:12 GST">
  <testcase classname="Tests.FiltrationTest" name="testfilterByDep" time="2.715">
    <failure type="org.openqa.selenium.ElementClickInterceptedException" message="element click intercepted: Element &amp;lt;a href=&amp;quot;/gp/goldbox?ref_=nav_cs_gb&amp;quot; class=&amp;quot;nav-a  &amp;quot; tabindex=&amp;quot;0&amp;quot; data-csa-c-type=&amp;quot;link&amp;quot; data-csa-c-slot-id=&amp;quot;nav_cs_0&amp;quot; data-csa-c-content-id=&amp;quot;nav_cs_gb&amp;quot; data-csa-c-id=&amp;quot;gfguw6-2b88pw-xb07ze-e7yetk&amp;quot;&amp;gt;...&amp;lt;/a&amp;gt; is not clickable at point (121, 79). Other element would receive the click: &amp;lt;div data-toaster-blocking=&amp;quot;0&amp;quot; data-toaster-csrftoken=&amp;quot;gDjVWVxVdKDbhMahq2Nx3abm8OBkAn4hF88fY1EAAAAMAAAAAGIJ9rVyYXcAAAAA&amp;quot; data-toaster-slot=&amp;quot;DEFAULT&amp;quot; data-toaster-type=&amp;quot;AIS_INGRESS&amp;quot; aria-describedby=&amp;quot;glow-toaster-body&amp;quot; aria-labelledby=&amp;quot;glow-toaster-title&amp;quot; class=&amp;quot;a-section glow-toaster glow-toaster-theme-default glow-toaster-slot-default nav-coreFlyout nav-flyout&amp;quot; role=&amp;quot;alertdialog&amp;quot; style=&amp;quot;&amp;quot; tabindex=&amp;quot;-1&amp;quot;&amp;gt;...&amp;lt;/div&amp;gt;
  (Session info: chrome=97.0.4692.99)
Build info: version: &amp;apos;4.1.1&amp;apos;, revision: &amp;apos;e8fcc2cecf&amp;apos;
System info: host: &amp;apos;LAPTOP-LUIHHGQB&amp;apos;, ip: &amp;apos;192.168.1.19&amp;apos;, os.name: &amp;apos;Windows 10&amp;apos;, os.arch: &amp;apos;amd64&amp;apos;, os.version: &amp;apos;10.0&amp;apos;, java.version: &amp;apos;17&amp;apos;
Driver info: org.openqa.selenium.chrome.ChromeDriver
Command: [03e0878e0fa6f32309e89f8486bcac0e, clickElement {id=0e33f0f9-b1d1-4497-9294-63ce415eaa67}]
Capabilities {acceptInsecureCerts: false, browserName: chrome, browserVersion: 97.0.4692.99, chrome: {chromedriverVersion: 97.0.4692.71 (adefa7837d02a..., userDataDir: C:\Users\alaai\AppData\Loca...}, goog:chromeOptions: {debuggerAddress: localhost:59103}, javascriptEnabled: true, networkConnectionEnabled: false, pageLoadStrategy: normal, platform: WINDOWS, platformName: WINDOWS, proxy: Proxy(), se:cdp: ws://localhost:59103/devtoo..., se:cdpVersion: 97.0.4692.99, setWindowRect: true, strictFileInteractability: false, timeouts: {implicit: 0, pageLoad: 300000, script: 30000}, unhandledPromptBehavior: dismiss and notify, webauthn:extension:credBlob: true, webauthn:extension:largeBlob: true, webauthn:virtualAuthenticators: true}
Element: [[ChromeDriver: chrome on WINDOWS (03e0878e0fa6f32309e89f8486bcac0e)] -&amp;gt; xpath: //div[@id=&amp;quot;nav-xshop&amp;quot;]//a[1]]
Session ID: 03e0878e0fa6f32309e89f8486bcac0e">
      <![CDATA[org.openqa.selenium.ElementClickInterceptedException: element click intercepted: Element <a href="/gp/goldbox?ref_=nav_cs_gb" class="nav-a  " tabindex="0" data-csa-c-type="link" data-csa-c-slot-id="nav_cs_0" data-csa-c-content-id="nav_cs_gb" data-csa-c-id="gfguw6-2b88pw-xb07ze-e7yetk">...</a> is not clickable at point (121, 79). Other element would receive the click: <div data-toaster-blocking="0" data-toaster-csrftoken="gDjVWVxVdKDbhMahq2Nx3abm8OBkAn4hF88fY1EAAAAMAAAAAGIJ9rVyYXcAAAAA" data-toaster-slot="DEFAULT" data-toaster-type="AIS_INGRESS" aria-describedby="glow-toaster-body" aria-labelledby="glow-toaster-title" class="a-section glow-toaster glow-toaster-theme-default glow-toaster-slot-default nav-coreFlyout nav-flyout" role="alertdialog" style="" tabindex="-1">...</div>
  (Session info: chrome=97.0.4692.99)
Build info: version: '4.1.1', revision: 'e8fcc2cecf'
System info: host: 'LAPTOP-LUIHHGQB', ip: '192.168.1.19', os.name: 'Windows 10', os.arch: 'amd64', os.version: '10.0', java.version: '17'
Driver info: org.openqa.selenium.chrome.ChromeDriver
Command: [03e0878e0fa6f32309e89f8486bcac0e, clickElement {id=0e33f0f9-b1d1-4497-9294-63ce415eaa67}]
Capabilities {acceptInsecureCerts: false, browserName: chrome, browserVersion: 97.0.4692.99, chrome: {chromedriverVersion: 97.0.4692.71 (adefa7837d02a..., userDataDir: C:\Users\alaai\AppData\Loca...}, goog:chromeOptions: {debuggerAddress: localhost:59103}, javascriptEnabled: true, networkConnectionEnabled: false, pageLoadStrategy: normal, platform: WINDOWS, platformName: WINDOWS, proxy: Proxy(), se:cdp: ws://localhost:59103/devtoo..., se:cdpVersion: 97.0.4692.99, setWindowRect: true, strictFileInteractability: false, timeouts: {implicit: 0, pageLoad: 300000, script: 30000}, unhandledPromptBehavior: dismiss and notify, webauthn:extension:credBlob: true, webauthn:extension:largeBlob: true, webauthn:virtualAuthenticators: true}
Element: [[ChromeDriver: chrome on WINDOWS (03e0878e0fa6f32309e89f8486bcac0e)] -> xpath: //div[@id="nav-xshop"]//a[1]]
Session ID: 03e0878e0fa6f32309e89f8486bcac0e
at org.openqa.selenium.remote.codec.w3c.W3CHttpResponseCodec.createException(W3CHttpResponseCodec.java:200)
at org.openqa.selenium.remote.codec.w3c.W3CHttpResponseCodec.decode(W3CHttpResponseCodec.java:133)
at org.openqa.selenium.remote.codec.w3c.W3CHttpResponseCodec.decode(W3CHttpResponseCodec.java:53)
at org.openqa.selenium.remote.HttpCommandExecutor.execute(HttpCommandExecutor.java:184)
at org.openqa.selenium.remote.service.DriverCommandExecutor.invokeExecute(DriverCommandExecutor.java:167)
at org.openqa.selenium.remote.service.DriverCommandExecutor.execute(DriverCommandExecutor.java:142)
at org.openqa.selenium.remote.RemoteWebDriver.execute(RemoteWebDriver.java:543)
at org.openqa.selenium.remote.RemoteWebElement.execute(RemoteWebElement.java:251)
at org.openqa.selenium.remote.RemoteWebElement.click(RemoteWebElement.java:77)
at Pages.FiltrationPage.clickOnTodayDealLink(FiltrationPage.java:59)
at Tests.FiltrationTest.testfilterByDep(FiltrationTest.java:36)
at java.base/java.util.ArrayList.forEach(ArrayList.java:1511)
... Removed 32 stack frames]]>
    </failure>
  </testcase> <!-- testfilterByDep -->
</testsuite> <!-- FiltrationTest -->
