<?xml version="1.0" encoding="UTF-8"?>
<testng-results ignored="0" total="2" passed="2" failed="0" skipped="0">
  <reporter-output>
  </reporter-output>
  <suite started-at="2022-02-12T07:55:00 GST" name="AmazonTestCases" finished-at="2022-02-12T07:55:39 GST" duration-ms="39032">
    <groups>
    </groups>
    <test started-at="2022-02-12T07:55:00 GST" name="CurrencyTest" finished-at="2022-02-12T07:55:19 GST" duration-ms="18724">
      <class name="Tests.CurrencyTest">
        <test-method is-config="true" signature="setUp()[pri:0, instance:Tests.CurrencyTest@72cc7e6f]" started-at="2022-02-12T07:55:00 GST" name="setUp" finished-at="2022-02-12T07:55:07 GST" duration-ms="6469" status="PASS">
          <reporter-output>
          </reporter-output>
        </test-method> <!-- setUp -->
        <test-method signature="verifyCurrencyChanged()[pri:0, instance:Tests.CurrencyTest@72cc7e6f]" started-at="2022-02-12T07:55:07 GST" name="verifyCurrencyChanged" finished-at="2022-02-12T07:55:18 GST" duration-ms="11553" status="PASS">
          <reporter-output>
          </reporter-output>
        </test-method> <!-- verifyCurrencyChanged -->
        <test-method is-config="true" signature="AfterMethod()[pri:0, instance:Tests.CurrencyTest@72cc7e6f]" started-at="2022-02-12T07:55:19 GST" name="AfterMethod" finished-at="2022-02-12T07:55:19 GST" duration-ms="330" status="PASS">
          <reporter-output>
          </reporter-output>
        </test-method> <!-- AfterMethod -->
      </class> <!-- Tests.CurrencyTest -->
    </test> <!-- CurrencyTest -->
    <test started-at="2022-02-12T07:55:19 GST" name="FiltrationTest" finished-at="2022-02-12T07:55:39 GST" duration-ms="20259">
      <class name="Tests.FiltrationTest">
        <test-method is-config="true" signature="setUp()[pri:0, instance:Tests.FiltrationTest@8462f31]" started-at="2022-02-12T07:55:19 GST" name="setUp" finished-at="2022-02-12T07:55:24 GST" duration-ms="5281" status="PASS">
          <reporter-output>
          </reporter-output>
        </test-method> <!-- setUp -->
        <test-method signature="testfilterByDep()[pri:0, instance:Tests.FiltrationTest@8462f31]" started-at="2022-02-12T07:55:24 GST" name="testfilterByDep" finished-at="2022-02-12T07:55:39 GST" duration-ms="14568" status="PASS">
          <reporter-output>
          </reporter-output>
        </test-method> <!-- testfilterByDep -->
        <test-method is-config="true" signature="AfterMethod()[pri:0, instance:Tests.FiltrationTest@8462f31]" started-at="2022-02-12T07:55:39 GST" name="AfterMethod" finished-at="2022-02-12T07:55:39 GST" duration-ms="401" status="PASS">
          <reporter-output>
          </reporter-output>
        </test-method> <!-- AfterMethod -->
      </class> <!-- Tests.FiltrationTest -->
    </test> <!-- FiltrationTest -->
  </suite> <!-- AmazonTestCases -->
</testng-results>
