<?xml version="1.0" encoding="UTF-8"?>
<testng-results ignored="0" total="2" passed="1" failed="1" skipped="0">
  <reporter-output>
  </reporter-output>
  <suite started-at="2022-02-14T10:28:45 GST" name="AmazonTestCases" finished-at="2022-02-14T10:29:12 GST" duration-ms="26647">
    <groups>
    </groups>
    <test started-at="2022-02-14T10:28:45 GST" name="CurrencyTest" finished-at="2022-02-14T10:29:04 GST" duration-ms="18915">
      <class name="Tests.CurrencyTest">
        <test-method is-config="true" signature="setUp()[pri:0, instance:Tests.CurrencyTest@3f191845]" started-at="2022-02-14T10:28:45 GST" name="setUp" finished-at="2022-02-14T10:28:52 GST" duration-ms="6167" status="PASS">
          <reporter-output>
          </reporter-output>
        </test-method> <!-- setUp -->
        <test-method signature="verifyCurrencyChanged()[pri:0, instance:Tests.CurrencyTest@3f191845]" started-at="2022-02-14T10:28:52 GST" name="verifyCurrencyChanged" finished-at="2022-02-14T10:29:04 GST" duration-ms="12012" status="PASS">
          <reporter-output>
          </reporter-output>
        </test-method> <!-- verifyCurrencyChanged -->
        <test-method is-config="true" signature="teardown()[pri:0, instance:Tests.CurrencyTest@3f191845]" started-at="2022-02-14T10:29:04 GST" name="teardown" finished-at="2022-02-14T10:29:04 GST" duration-ms="332" status="PASS">
          <reporter-output>
          </reporter-output>
        </test-method> <!-- teardown -->
      </class> <!-- Tests.CurrencyTest -->
    </test> <!-- CurrencyTest -->
    <test started-at="2022-02-14T10:29:04 GST" name="FiltrationTest" finished-at="2022-02-14T10:29:12 GST" duration-ms="7639">
      <class name="Tests.FiltrationTest">
        <test-method is-config="true" signature="setUp()[pri:0, instance:Tests.FiltrationTest@3e08ff24]" started-at="2022-02-14T10:29:04 GST" name="setUp" finished-at="2022-02-14T10:29:09 GST" duration-ms="4444" status="PASS">
          <reporter-output>
          </reporter-output>
        </test-method> <!-- setUp -->
        <test-method signature="testfilterByDep()[pri:0, instance:Tests.FiltrationTest@3e08ff24]" started-at="2022-02-14T10:29:09 GST" name="testfilterByDep" finished-at="2022-02-14T10:29:12 GST" duration-ms="2715" status="FAIL">
          <exception class="org.openqa.selenium.ElementClickInterceptedException">
            <message>
              <![CDATA[element click intercepted: Element <a href="/gp/goldbox?ref_=nav_cs_gb" class="nav-a  " tabindex="0" data-csa-c-type="link" data-csa-c-slot-id="nav_cs_0" data-csa-c-content-id="nav_cs_gb" data-csa-c-id="gfguw6-2b88pw-xb07ze-e7yetk">...</a> is not clickable at point (121, 79). Other element would receive the click: <div data-toaster-blocking="0" data-toaster-csrftoken="gDjVWVxVdKDbhMahq2Nx3abm8OBkAn4hF88fY1EAAAAMAAAAAGIJ9rVyYXcAAAAA" data-toaster-slot="DEFAULT" data-toaster-type="AIS_INGRESS" aria-describedby="glow-toaster-body" aria-labelledby="glow-toaster-title" class="a-section glow-toaster glow-toaster-theme-default glow-toaster-slot-default nav-coreFlyout nav-flyout" role="alertdialog" style="" tabindex="-1">...</div>
  (Session info: chrome=97.0.4692.99)
Build info: version: '4.1.1', revision: 'e8fcc2cecf'
System info: host: 'LAPTOP-LUIHHGQB', ip: '192.168.1.19', os.name: 'Windows 10', os.arch: 'amd64', os.version: '10.0', java.version: '17'
Driver info: org.openqa.selenium.chrome.ChromeDriver
Command: [03e0878e0fa6f32309e89f8486bcac0e, clickElement {id=0e33f0f9-b1d1-4497-9294-63ce415eaa67}]
Capabilities {acceptInsecureCerts: false, browserName: chrome, browserVersion: 97.0.4692.99, chrome: {chromedriverVersion: 97.0.4692.71 (adefa7837d02a..., userDataDir: C:\Users\alaai\AppData\Loca...}, goog:chromeOptions: {debuggerAddress: localhost:59103}, javascriptEnabled: true, networkConnectionEnabled: false, pageLoadStrategy: normal, platform: WINDOWS, platformName: WINDOWS, proxy: Proxy(), se:cdp: ws://localhost:59103/devtoo..., se:cdpVersion: 97.0.4692.99, setWindowRect: true, strictFileInteractability: false, timeouts: {implicit: 0, pageLoad: 300000, script: 30000}, unhandledPromptBehavior: dismiss and notify, webauthn:extension:credBlob: true, webauthn:extension:largeBlob: true, webauthn:virtualAuthenticators: true}
Element: [[ChromeDriver: chrome on WINDOWS (03e0878e0fa6f32309e89f8486bcac0e)] -> xpath: //div[@id="nav-xshop"]//a[1]]
Session ID: 03e0878e0fa6f32309e89f8486bcac0e]]>
            </message>
            <full-stacktrace>
              <![CDATA[org.openqa.selenium.ElementClickInterceptedException: element click intercepted: Element <a href="/gp/goldbox?ref_=nav_cs_gb" class="nav-a  " tabindex="0" data-csa-c-type="link" data-csa-c-slot-id="nav_cs_0" data-csa-c-content-id="nav_cs_gb" data-csa-c-id="gfguw6-2b88pw-xb07ze-e7yetk">...</a> is not clickable at point (121, 79). Other element would receive the click: <div data-toaster-blocking="0" data-toaster-csrftoken="gDjVWVxVdKDbhMahq2Nx3abm8OBkAn4hF88fY1EAAAAMAAAAAGIJ9rVyYXcAAAAA" data-toaster-slot="DEFAULT" data-toaster-type="AIS_INGRESS" aria-describedby="glow-toaster-body" aria-labelledby="glow-toaster-title" class="a-section glow-toaster glow-toaster-theme-default glow-toaster-slot-default nav-coreFlyout nav-flyout" role="alertdialog" style="" tabindex="-1">...</div>
  (Session info: chrome=97.0.4692.99)
Build info: version: '4.1.1', revision: 'e8fcc2cecf'
System info: host: 'LAPTOP-LUIHHGQB', ip: '192.168.1.19', os.name: 'Windows 10', os.arch: 'amd64', os.version: '10.0', java.version: '17'
Driver info: org.openqa.selenium.chrome.ChromeDriver
Command: [03e0878e0fa6f32309e89f8486bcac0e, clickElement {id=0e33f0f9-b1d1-4497-9294-63ce415eaa67}]
Capabilities {acceptInsecureCerts: false, browserName: chrome, browserVersion: 97.0.4692.99, chrome: {chromedriverVersion: 97.0.4692.71 (adefa7837d02a..., userDataDir: C:\Users\alaai\AppData\Loca...}, goog:chromeOptions: {debuggerAddress: localhost:59103}, javascriptEnabled: true, networkConnectionEnabled: false, pageLoadStrategy: normal, platform: WINDOWS, platformName: WINDOWS, proxy: Proxy(), se:cdp: ws://localhost:59103/devtoo..., se:cdpVersion: 97.0.4692.99, setWindowRect: true, strictFileInteractability: false, timeouts: {implicit: 0, pageLoad: 300000, script: 30000}, unhandledPromptBehavior: dismiss and notify, webauthn:extension:credBlob: true, webauthn:extension:largeBlob: true, webauthn:virtualAuthenticators: true}
Element: [[ChromeDriver: chrome on WINDOWS (03e0878e0fa6f32309e89f8486bcac0e)] -> xpath: //div[@id="nav-xshop"]//a[1]]
Session ID: 03e0878e0fa6f32309e89f8486bcac0e
at java.base/jdk.internal.reflect.NativeConstructorAccessorImpl.newInstance0(Native Method)
at java.base/jdk.internal.reflect.NativeConstructorAccessorImpl.newInstance(NativeConstructorAccessorImpl.java:77)
at java.base/jdk.internal.reflect.DelegatingConstructorAccessorImpl.newInstance(DelegatingConstructorAccessorImpl.java:45)
at java.base/java.lang.reflect.Constructor.newInstanceWithCaller(Constructor.java:499)
at java.base/java.lang.reflect.Constructor.newInstance(Constructor.java:480)
at org.openqa.selenium.remote.codec.w3c.W3CHttpResponseCodec.createException(W3CHttpResponseCodec.java:200)
at org.openqa.selenium.remote.codec.w3c.W3CHttpResponseCodec.decode(W3CHttpResponseCodec.java:133)
at org.openqa.selenium.remote.codec.w3c.W3CHttpResponseCodec.decode(W3CHttpResponseCodec.java:53)
at org.openqa.selenium.remote.HttpCommandExecutor.execute(HttpCommandExecutor.java:184)
at org.openqa.selenium.remote.service.DriverCommandExecutor.invokeExecute(DriverCommandExecutor.java:167)
at org.openqa.selenium.remote.service.DriverCommandExecutor.execute(DriverCommandExecutor.java:142)
at org.openqa.selenium.remote.RemoteWebDriver.execute(RemoteWebDriver.java:543)
at org.openqa.selenium.remote.RemoteWebElement.execute(RemoteWebElement.java:251)
at org.openqa.selenium.remote.RemoteWebElement.click(RemoteWebElement.java:77)
at Pages.FiltrationPage.clickOnTodayDealLink(FiltrationPage.java:59)
at Tests.FiltrationTest.testfilterByDep(FiltrationTest.java:36)
at java.base/jdk.internal.reflect.NativeMethodAccessorImpl.invoke0(Native Method)
at java.base/jdk.internal.reflect.NativeMethodAccessorImpl.invoke(NativeMethodAccessorImpl.java:77)
at java.base/jdk.internal.reflect.DelegatingMethodAccessorImpl.invoke(DelegatingMethodAccessorImpl.java:43)
at java.base/java.lang.reflect.Method.invoke(Method.java:568)
at org.testng.internal.MethodInvocationHelper.invokeMethod(MethodInvocationHelper.java:132)
at org.testng.internal.TestInvoker.invokeMethod(TestInvoker.java:599)
at org.testng.internal.TestInvoker.invokeTestMethod(TestInvoker.java:174)
at org.testng.internal.MethodRunner.runInSequence(MethodRunner.java:46)
at org.testng.internal.TestInvoker$MethodInvocationAgent.invoke(TestInvoker.java:822)
at org.testng.internal.TestInvoker.invokeTestMethods(TestInvoker.java:147)
at org.testng.internal.TestMethodWorker.invokeTestMethods(TestMethodWorker.java:146)
at org.testng.internal.TestMethodWorker.run(TestMethodWorker.java:128)
at java.base/java.util.ArrayList.forEach(ArrayList.java:1511)
at org.testng.TestRunner.privateRun(TestRunner.java:764)
at org.testng.TestRunner.run(TestRunner.java:585)
at org.testng.SuiteRunner.runTest(SuiteRunner.java:384)
at org.testng.SuiteRunner.runSequentially(SuiteRunner.java:378)
at org.testng.SuiteRunner.privateRun(SuiteRunner.java:337)
at org.testng.SuiteRunner.run(SuiteRunner.java:286)
at org.testng.SuiteRunnerWorker.runSuite(SuiteRunnerWorker.java:53)
at org.testng.SuiteRunnerWorker.run(SuiteRunnerWorker.java:96)
at org.testng.TestNG.runSuitesSequentially(TestNG.java:1218)
at org.testng.TestNG.runSuitesLocally(TestNG.java:1140)
at org.testng.TestNG.runSuites(TestNG.java:1069)
at org.testng.TestNG.run(TestNG.java:1037)
at org.testng.remote.AbstractRemoteTestNG.run(AbstractRemoteTestNG.java:115)
at org.testng.remote.RemoteTestNG.initAndRun(RemoteTestNG.java:251)
at org.testng.remote.RemoteTestNG.main(RemoteTestNG.java:77)
]]>
            </full-stacktrace>
          </exception> <!-- org.openqa.selenium.ElementClickInterceptedException -->
          <reporter-output>
          </reporter-output>
        </test-method> <!-- testfilterByDep -->
        <test-method is-config="true" signature="teardown()[pri:0, instance:Tests.FiltrationTest@3e08ff24]" started-at="2022-02-14T10:29:12 GST" name="teardown" finished-at="2022-02-14T10:29:12 GST" duration-ms="441" status="PASS">
          <reporter-output>
          </reporter-output>
        </test-method> <!-- teardown -->
      </class> <!-- Tests.FiltrationTest -->
    </test> <!-- FiltrationTest -->
  </suite> <!-- AmazonTestCases -->
</testng-results>
